
@----------------------------------------------------------@
|        PLINK!       |     v1.07      |   10/Aug/2009     |
|----------------------------------------------------------|
|  (C) 2009 Shaun Purcell, GNU General Public License, v2  |
|----------------------------------------------------------|
|  For documentation, citation & bug-report instructions:  |
|        http://pngu.mgh.harvard.edu/purcell/plink/        |
@----------------------------------------------------------@

Web-based version check ( --noweb to skip )
Recent cached web-check found... OK, v1.07 is current

Writing this text to log file [ example.log ]
Analysis started: Mon Oct 18 14:19:37 2010

Options in effect:
	--file example
	--transpose
	--out example
	--recode
	--tab

20 (of 20) markers to be included from [ example.map ]
4806 individuals read from [ example.ped ] 
4806 individuals with nonmissing phenotypes
Assuming a disease phenotype (1=unaff, 2=aff, 0=miss)
Missing phenotype value is also -9
1868 cases, 2938 controls and 0 missing
2143 males, 2663 females, and 0 of unspecified sex
Before frequency and genotyping pruning, there are 20 SNPs
4806 founders and 0 non-founders found
Total genotyping rate in remaining individuals is 0.966188
0 SNPs failed missingness test ( GENO > 1 )
0 SNPs failed frequency test ( MAF < 0 )
After frequency and genotyping pruning, there are 20 SNPs
After filtering, 1868 cases, 2938 controls and 0 missing
After filtering, 2143 males, 2663 females, and 0 of unspecified sex
Writing transposed ped file to [ example.tped ] 
Writing family information to [ example.tfam ] 

Analysis finished: Mon Oct 18 14:19:37 2010

